<?xml version="1.0" encoding="UTF-8"?>
<testng-results skipped="0" failed="0" ignored="0" total="1" passed="1">
  <reporter-output>
  </reporter-output>
  <suite name="com.restassured.study.Test01_GET" duration-ms="2703" started-at="2020-08-13T14:37:49 IST" finished-at="2020-08-13T14:37:52 IST">
    <groups>
    </groups>
    <test name="Command line test" duration-ms="2703" started-at="2020-08-13T14:37:49 IST" finished-at="2020-08-13T14:37:52 IST">
      <class name="com.restassured.study.Test01_GET">
        <test-method status="PASS" signature="test_01()[pri:0, instance:com.restassured.study.Test01_GET@3e6fa38a]" name="test_01" duration-ms="2666" started-at="2020-08-13T14:37:49 IST" finished-at="2020-08-13T14:37:52 IST">
          <reporter-output>
          </reporter-output>
        </test-method> <!-- test_01 -->
      </class> <!-- com.restassured.study.Test01_GET -->
    </test> <!-- Command line test -->
  </suite> <!-- com.restassured.study.Test01_GET -->
</testng-results>
