<?xml version="1.0" encoding="UTF-8"?>
<testng-results skipped="0" failed="0" ignored="0" total="1" passed="1">
  <reporter-output>
  </reporter-output>
  <suite name="Default suite" duration-ms="2187" started-at="2020-08-13T09:11:38Z" finished-at="2020-08-13T09:11:40Z">
    <groups>
    </groups>
    <test name="Default test" duration-ms="2187" started-at="2020-08-13T09:11:38Z" finished-at="2020-08-13T09:11:40Z">
      <class name="com.restassured.study.Test01_GET">
        <test-method status="PASS" signature="test_01()[pri:0, instance:com.restassured.study.Test01_GET@457e2f02]" name="test_01" duration-ms="2168" started-at="2020-08-13T09:11:38Z" finished-at="2020-08-13T09:11:40Z">
          <reporter-output>
          </reporter-output>
        </test-method> <!-- test_01 -->
      </class> <!-- com.restassured.study.Test01_GET -->
    </test> <!-- Default test -->
  </suite> <!-- Default suite -->
</testng-results>
